2019-08-27 00:32:39.880576 - Connection to DB established
2019-08-27 00:32:39.927512 - Excel File 'Currency_Exchange_Rates.xlsx' opened
2019-08-27 00:32:39.933280 - Table was already present, which is now truncated
2019-08-27 00:32:39.933280 - Exporting Data from excel to DB started
2019-08-27 00:32:39.934284 - Row 1 was not inserted, please check row 1
2019-08-27 00:32:39.934284 - Row 2 was not inserted, please check row 2
2019-08-27 00:32:39.934284 - Row 3 was not inserted, please check row 3
2019-08-27 00:32:39.934731 - Row 4 was not inserted, please check row 4
2019-08-27 00:32:39.934731 - Row 5 was not inserted, please check row 5
2019-08-27 00:32:39.934731 - Row 6 was not inserted, please check row 6
2019-08-27 00:32:39.934731 - Row 7 was not inserted, please check row 7
2019-08-27 00:32:39.934731 - Row 8 was not inserted, please check row 8
2019-08-27 00:32:39.934731 - Row 9 was not inserted, please check row 9
2019-08-27 00:32:39.934731 - Row 10 was not inserted, please check row 10
2019-08-27 00:32:39.934731 - Row 11 was not inserted, please check row 11
2019-08-27 00:32:39.934731 - Row 12 was not inserted, please check row 12
2019-08-27 00:32:39.934731 - Row 13 was not inserted, please check row 13
2019-08-27 00:32:39.934731 - Row 14 was not inserted, please check row 14
2019-08-27 00:32:39.934731 - Row 15 was not inserted, please check row 15
2019-08-27 00:32:39.934731 - Row 16 was not inserted, please check row 16
2019-08-27 00:32:39.935734 - Row 17 was not inserted, please check row 17
2019-08-27 00:32:39.935734 - Row 18 was not inserted, please check row 18
2019-08-27 00:32:39.935734 - Row 19 was not inserted, please check row 19
2019-08-27 00:32:39.935734 - Row 20 was not inserted, please check row 20
2019-08-27 00:32:39.935734 - Row 21 was not inserted, please check row 21
2019-08-27 00:32:39.935734 - Row 22 was not inserted, please check row 22
2019-08-27 00:32:39.935734 - Row 23 was not inserted, please check row 23
2019-08-27 00:32:39.935734 - Row 24 was not inserted, please check row 24
2019-08-27 00:32:39.936738 - Row 25 was not inserted, please check row 25
2019-08-27 00:32:39.936738 - Row 26 was not inserted, please check row 26
2019-08-27 00:32:39.936738 - Row 27 was not inserted, please check row 27
2019-08-27 00:32:39.936738 - Row 28 was not inserted, please check row 28
2019-08-27 00:32:39.936738 - Row 29 was not inserted, please check row 29
2019-08-27 00:32:39.936738 - Row 30 was not inserted, please check row 30
2019-08-27 00:32:39.936738 - Row 31 was not inserted, please check row 31
2019-08-27 00:32:39.936738 - Row 32 was not inserted, please check row 32
2019-08-27 00:32:39.937739 - Row 33 was not inserted, please check row 33
2019-08-27 00:32:39.937739 - Row 34 was not inserted, please check row 34
2019-08-27 00:32:39.937739 - Row 35 was not inserted, please check row 35
2019-08-27 00:32:39.937739 - Row 36 was not inserted, please check row 36
2019-08-27 00:32:39.937739 - Row 37 was not inserted, please check row 37
2019-08-27 00:32:39.937739 - Row 38 was not inserted, please check row 38
2019-08-27 00:32:39.937739 - Row 39 was not inserted, please check row 39
2019-08-27 00:32:39.937739 - Row 40 was not inserted, please check row 40
2019-08-27 00:32:39.937739 - Row 41 was not inserted, please check row 41
2019-08-27 00:32:39.938743 - Row 42 was not inserted, please check row 42
2019-08-27 00:32:39.938743 - Row 43 was not inserted, please check row 43
2019-08-27 00:32:39.938743 - Row 44 was not inserted, please check row 44
2019-08-27 00:32:39.938743 - Row 45 was not inserted, please check row 45
2019-08-27 00:32:39.938743 - Row 46 was not inserted, please check row 46
2019-08-27 00:32:39.938743 - Row 47 was not inserted, please check row 47
2019-08-27 00:32:39.938743 - Row 48 was not inserted, please check row 48
2019-08-27 00:32:39.938743 - Row 49 was not inserted, please check row 49
2019-08-27 00:32:39.939746 - Row 50 was not inserted, please check row 50
2019-08-27 00:32:39.939746 - Row 51 was not inserted, please check row 51
2019-08-27 00:32:39.939746 - Row 52 was not inserted, please check row 52
2019-08-27 00:32:39.939746 - Row 53 was not inserted, please check row 53
2019-08-27 00:32:39.939746 - Row 54 was not inserted, please check row 54
2019-08-27 00:32:39.939746 - Row 55 was not inserted, please check row 55
2019-08-27 00:32:39.939746 - Row 56 was not inserted, please check row 56
2019-08-27 00:32:39.939746 - Row 57 was not inserted, please check row 57
2019-08-27 00:32:39.940666 - Row 58 was not inserted, please check row 58
2019-08-27 00:32:39.940666 - Row 59 was not inserted, please check row 59
2019-08-27 00:32:39.940666 - Row 60 was not inserted, please check row 60
2019-08-27 00:32:39.940666 - Row 61 was not inserted, please check row 61
2019-08-27 00:32:39.940666 - Row 62 was not inserted, please check row 62
2019-08-27 00:32:39.940666 - Row 63 was not inserted, please check row 63
2019-08-27 00:32:39.940666 - Row 64 was not inserted, please check row 64
2019-08-27 00:32:39.940666 - Row 65 was not inserted, please check row 65
2019-08-27 00:32:39.941669 - Row 66 was not inserted, please check row 66
2019-08-27 00:32:39.941669 - Row 67 was not inserted, please check row 67
2019-08-27 00:32:39.941882 - Row 68 was not inserted, please check row 68
2019-08-27 00:32:39.941882 - Row 69 was not inserted, please check row 69
2019-08-27 00:32:39.941882 - Row 70 was not inserted, please check row 70
2019-08-27 00:32:39.941882 - Row 71 was not inserted, please check row 71
2019-08-27 00:32:39.941882 - Row 72 was not inserted, please check row 72
2019-08-27 00:32:39.941882 - Row 73 was not inserted, please check row 73
2019-08-27 00:32:39.941882 - Row 74 was not inserted, please check row 74
2019-08-27 00:32:39.941882 - Row 75 was not inserted, please check row 75
2019-08-27 00:32:39.942884 - Row 76 was not inserted, please check row 76
2019-08-27 00:32:39.942884 - Row 77 was not inserted, please check row 77
2019-08-27 00:32:39.942884 - Row 78 was not inserted, please check row 78
2019-08-27 00:32:39.943887 - Exporting Data from excel to DB finished
